2023-01-17 21:38:19 INFO  OrangeHRMHome:62 - Mehmet is successfully entered
2023-01-17 21:38:19 INFO  OrangeHRMHome:67 - Renastech2 is successfully entered
2023-01-17 21:38:21 INFO  OrangeHRMHome:72 - Save button successfully clicked
2023-01-17 21:38:34 INFO  OrangeHRMHome:62 - Eloise12 is successfully entered
2023-01-17 21:38:34 INFO  OrangeHRMHome:67 - Renastech1212 is successfully entered
2023-01-17 21:38:35 INFO  OrangeHRMHome:83 - Add login details button was successfully clicked
2023-01-17 21:38:38 INFO  OrangeHRMHome:72 - Save button successfully clicked
2023-01-17 21:38:54 INFO  OrangeHRMHome:62 - Anil is successfully entered
2023-01-17 21:38:54 INFO  OrangeHRMHome:67 - Renastech44 is successfully entered
2023-01-17 21:38:55 INFO  OrangeHRMHome:83 - Add login details button was successfully clicked
2023-01-17 21:46:15 INFO  OrangeHRMHome:62 - Mehmet is successfully entered
2023-01-17 21:46:15 INFO  OrangeHRMHome:67 - Renastech2 is successfully entered
2023-01-17 21:46:16 INFO  OrangeHRMHome:72 - Save button successfully clicked
2023-01-17 21:46:29 INFO  OrangeHRMHome:62 - Eloise12 is successfully entered
2023-01-17 21:46:29 INFO  OrangeHRMHome:67 - Renastech1212 is successfully entered
2023-01-17 21:46:30 INFO  OrangeHRMHome:83 - Add login details button was successfully clicked
2023-01-17 21:46:34 INFO  OrangeHRMHome:72 - Save button successfully clicked
2023-01-17 21:46:47 INFO  OrangeHRMHome:62 - Anil is successfully entered
2023-01-17 21:46:47 INFO  OrangeHRMHome:67 - Renastech44 is successfully entered
2023-01-17 21:46:48 INFO  OrangeHRMHome:83 - Add login details button was successfully clicked
2023-01-17 21:47:43 ERROR OrangeHRMLogin:25 - Username is empty. Please check the value you provided 
2023-01-17 21:47:43 WARN  OrangeHRMLogin:26 - Username is neccessary to login
2023-01-17 21:47:43 FATAL OrangeHRMLogin:27 - Not able to Log in due to empty username
2023-01-17 21:47:43 INFO  OrangeHRMLogin:28 - Please provide a valid username
2023-01-17 21:47:46 ERROR OrangeHRMLogin:25 - Username is empty. Please check the value you provided 
2023-01-17 21:47:46 WARN  OrangeHRMLogin:26 - Username is neccessary to login
2023-01-17 21:47:46 FATAL OrangeHRMLogin:27 - Not able to Log in due to empty username
2023-01-17 21:47:46 INFO  OrangeHRMLogin:28 - Please provide a valid username
2023-01-17 21:47:49 ERROR OrangeHRMLogin:25 - Username is empty. Please check the value you provided 
2023-01-17 21:47:49 WARN  OrangeHRMLogin:26 - Username is neccessary to login
2023-01-17 21:47:49 FATAL OrangeHRMLogin:27 - Not able to Log in due to empty username
2023-01-17 21:47:49 INFO  OrangeHRMLogin:28 - Please provide a valid username
2023-01-17 21:47:54 INFO  OrangeHRMHome:62 - Mehmet is successfully entered
2023-01-17 21:47:54 INFO  OrangeHRMHome:67 - Renastech2 is successfully entered
2023-01-17 21:47:56 INFO  OrangeHRMHome:72 - Save button successfully clicked
2023-01-17 21:48:03 ERROR OrangeHRMLogin:25 - Username is empty. Please check the value you provided 
2023-01-17 21:48:03 WARN  OrangeHRMLogin:26 - Username is neccessary to login
2023-01-17 21:48:03 FATAL OrangeHRMLogin:27 - Not able to Log in due to empty username
2023-01-17 21:48:03 INFO  OrangeHRMLogin:28 - Please provide a valid username
2023-01-17 21:48:09 INFO  OrangeHRMHome:62 - Eloise12 is successfully entered
2023-01-17 21:48:09 INFO  OrangeHRMHome:67 - Renastech1212 is successfully entered
2023-01-17 21:48:10 INFO  OrangeHRMHome:83 - Add login details button was successfully clicked
2023-01-17 21:48:13 INFO  OrangeHRMHome:72 - Save button successfully clicked
2023-01-17 21:48:20 ERROR OrangeHRMLogin:25 - Username is empty. Please check the value you provided 
2023-01-17 21:48:20 WARN  OrangeHRMLogin:26 - Username is neccessary to login
2023-01-17 21:48:20 FATAL OrangeHRMLogin:27 - Not able to Log in due to empty username
2023-01-17 21:48:20 INFO  OrangeHRMLogin:28 - Please provide a valid username
2023-01-17 21:48:26 INFO  OrangeHRMHome:62 - Anil is successfully entered
2023-01-17 21:48:26 INFO  OrangeHRMHome:67 - Renastech44 is successfully entered
2023-01-17 21:48:27 INFO  OrangeHRMHome:83 - Add login details button was successfully clicked
2023-01-17 21:54:54 ERROR OrangeHRMLogin:25 - Username is empty. Please check the value you provided 
2023-01-17 21:54:54 WARN  OrangeHRMLogin:26 - Username is neccessary to login
2023-01-17 21:54:54 FATAL OrangeHRMLogin:27 - Not able to Log in due to empty username
2023-01-17 21:54:54 INFO  OrangeHRMLogin:28 - Please provide a valid username
2023-01-17 21:54:56 INFO  OrangeHRMSteps:30 - Username and password provided successfully
2023-01-17 21:55:01 ERROR OrangeHRMLogin:25 - Username is empty. Please check the value you provided 
2023-01-17 21:55:01 WARN  OrangeHRMLogin:26 - Username is neccessary to login
2023-01-17 21:55:01 FATAL OrangeHRMLogin:27 - Not able to Log in due to empty username
2023-01-17 21:55:01 INFO  OrangeHRMLogin:28 - Please provide a valid username
2023-01-17 21:55:03 INFO  OrangeHRMSteps:30 - Username and password provided successfully
2023-01-17 21:55:08 ERROR OrangeHRMLogin:25 - Username is empty. Please check the value you provided 
2023-01-17 21:55:08 WARN  OrangeHRMLogin:26 - Username is neccessary to login
2023-01-17 21:55:08 FATAL OrangeHRMLogin:27 - Not able to Log in due to empty username
2023-01-17 21:55:08 INFO  OrangeHRMLogin:28 - Please provide a valid username
2023-01-17 21:55:10 INFO  OrangeHRMSteps:30 - Username and password provided successfully
2023-01-17 21:55:15 ERROR OrangeHRMLogin:25 - Username is empty. Please check the value you provided 
2023-01-17 21:55:15 WARN  OrangeHRMLogin:26 - Username is neccessary to login
2023-01-17 21:55:15 FATAL OrangeHRMLogin:27 - Not able to Log in due to empty username
2023-01-17 21:55:15 INFO  OrangeHRMLogin:28 - Please provide a valid username
2023-01-17 21:55:16 INFO  OrangeHRMSteps:30 - Username and password provided successfully
2023-01-17 21:55:22 ERROR OrangeHRMLogin:25 - Username is empty. Please check the value you provided 
2023-01-17 21:55:22 WARN  OrangeHRMLogin:26 - Username is neccessary to login
2023-01-17 21:55:22 FATAL OrangeHRMLogin:27 - Not able to Log in due to empty username
2023-01-17 21:55:22 INFO  OrangeHRMLogin:28 - Please provide a valid username
2023-01-17 21:55:23 INFO  OrangeHRMSteps:30 - Username and password provided successfully
